# JRE version: OpenJDK Runtime Environment (8.0_402-b06) (build 1.8.0_402-b06)
# Java VM: OpenJDK 64-Bit Server VM (25.402-b06 mixed mode windows-amd64 compressed oops)
Heap:
 PSYoungGen      total 288768K, used 26757K [0x0000000781400000, 0x0000000793c80000, 0x00000007c0000000)
  eden space 280064K, 9% used [0x0000000781400000,0x0000000782de17c8,0x0000000792580000)
  from space 8704K, 2% used [0x0000000793400000,0x0000000793440000,0x0000000793c80000)
  to   space 11776K, 0% used [0x0000000792580000,0x0000000792580000,0x0000000793100000)
 ParOldGen       total 111616K, used 22418K [0x0000000703c00000, 0x000000070a900000, 0x0000000781400000)
  object space 111616K, 20% used [0x0000000703c00000,0x00000007051e4a78,0x000000070a900000)
 Metaspace       used 24992K, capacity 25441K, committed 25600K, reserved 1071104K
  class space    used 2943K, capacity 3069K, committed 3072K, reserved 1048576K
GC Heap History (10 events):
Event: 11.402 GC heap before
{Heap before GC invocations=19 (full 1):
 PSYoungGen      total 253440K, used 239438K [0x0000000781400000, 0x0000000792800000, 0x00000007c0000000)
  eden space 238080K, 100% used [0x0000000781400000,0x000000078fc80000,0x000000078fc80000)
  from space 15360K, 8% used [0x000000078fc80000,0x000000078fdd3890,0x0000000790b80000)
  to   space 14848K, 0% used [0x0000000791980000,0x0000000791980000,0x0000000792800000)
 ParOldGen       total 111616K, used 21194K [0x0000000703c00000, 0x000000070a900000, 0x0000000781400000)
  object space 111616K, 18% used [0x0000000703c00000,0x00000007050b2b70,0x000000070a900000)
 Metaspace       used 24889K, capacity 25365K, committed 25600K, reserved 1071104K
  class space    used 2933K, capacity 3067K, committed 3072K, reserved 1048576K
Event: 11.404 GC heap after
Heap after GC invocations=19 (full 1):
 PSYoungGen      total 265728K, used 1422K [0x0000000781400000, 0x0000000792600000, 0x00000007c0000000)
  eden space 252928K, 0% used [0x0000000781400000,0x0000000781400000,0x0000000790b00000)
  from space 12800K, 11% used [0x0000000791980000,0x0000000791ae3890,0x0000000792600000)
  to   space 13824K, 0% used [0x0000000790b00000,0x0000000790b00000,0x0000000791880000)
 ParOldGen       total 111616K, used 21202K [0x0000000703c00000, 0x000000070a900000, 0x0000000781400000)
  object space 111616K, 18% used [0x0000000703c00000,0x00000007050b4b70,0x000000070a900000)
 Metaspace       used 24889K, capacity 25365K, committed 25600K, reserved 1071104K
  class space    used 2933K, capacity 3067K, committed 3072K, reserved 1048576K
}
Event: 11.859 GC heap before
{Heap before GC invocations=20 (full 1):
 PSYoungGen      total 265728K, used 254350K [0x0000000781400000, 0x0000000792600000, 0x00000007c0000000)
  eden space 252928K, 100% used [0x0000000781400000,0x0000000790b00000,0x0000000790b00000)
  from space 12800K, 11% used [0x0000000791980000,0x0000000791ae3890,0x0000000792600000)
  to   space 13824K, 0% used [0x0000000790b00000,0x0000000790b00000,0x0000000791880000)
 ParOldGen       total 111616K, used 21202K [0x0000000703c00000, 0x000000070a900000, 0x0000000781400000)
  object space 111616K, 18% used [0x0000000703c00000,0x00000007050b4b70,0x000000070a900000)
 Metaspace       used 24890K, capacity 25365K, committed 25600K, reserved 1071104K
  class space    used 2933K, capacity 3067K, committed 3072K, reserved 1048576K
Event: 11.860 GC heap after
Heap after GC invocations=20 (full 1):
 PSYoungGen      total 266752K, used 1390K [0x0000000781400000, 0x0000000793400000, 0x00000007c0000000)
  eden space 252928K, 0% used [0x0000000781400000,0x0000000781400000,0x0000000790b00000)
  from space 13824K, 10% used [0x0000000790b00000,0x0000000790c5b890,0x0000000791880000)
  to   space 13312K, 0% used [0x0000000792700000,0x0000000792700000,0x0000000793400000)
 ParOldGen       total 111616K, used 21202K [0x0000000703c00000, 0x000000070a900000, 0x0000000781400000)
  object space 111616K, 18% used [0x0000000703c00000,0x00000007050b4b70,0x000000070a900000)
 Metaspace       used 24890K, capacity 25365K, committed 25600K, reserved 1071104K
  class space    used 2933K, capacity 3067K, committed 3072K, reserved 1048576K
}
Event: 12.337 GC heap before
{Heap before GC invocations=21 (full 1):
 PSYoungGen      total 266752K, used 254318K [0x0000000781400000, 0x0000000793400000, 0x00000007c0000000)
  eden space 252928K, 100% used [0x0000000781400000,0x0000000790b00000,0x0000000790b00000)
  from space 13824K, 10% used [0x0000000790b00000,0x0000000790c5b890,0x0000000791880000)
  to   space 13312K, 0% used [0x0000000792700000,0x0000000792700000,0x0000000793400000)
 ParOldGen       total 111616K, used 21202K [0x0000000703c00000, 0x000000070a900000, 0x0000000781400000)
  object space 111616K, 18% used [0x0000000703c00000,0x00000007050b4b70,0x000000070a900000)
 Metaspace       used 24894K, capacity 25365K, committed 25600K, reserved 1071104K
  class space    used 2933K, capacity 3067K, committed 3072K, reserved 1048576K
Event: 12.339 GC heap after
Heap after GC invocations=21 (full 1):
 PSYoungGen      total 279552K, used 512K [0x0000000781400000, 0x0000000793280000, 0x00000007c0000000)
  eden space 267776K, 0% used [0x0000000781400000,0x0000000781400000,0x0000000791980000)
  from space 11776K, 4% used [0x0000000792700000,0x0000000792780000,0x0000000793280000)
  to   space 12800K, 0% used [0x0000000791980000,0x0000000791980000,0x0000000792600000)
 ParOldGen       total 111616K, used 22074K [0x0000000703c00000, 0x000000070a900000, 0x0000000781400000)
  object space 111616K, 19% used [0x0000000703c00000,0x000000070518ea78,0x000000070a900000)
 Metaspace       used 24894K, capacity 25365K, committed 25600K, reserved 1071104K
  class space    used 2933K, capacity 3067K, committed 3072K, reserved 1048576K
}
Event: 12.764 GC heap before
{Heap before GC invocations=22 (full 1):
 PSYoungGen      total 279552K, used 268288K [0x0000000781400000, 0x0000000793280000, 0x00000007c0000000)
  eden space 267776K, 100% used [0x0000000781400000,0x0000000791980000,0x0000000791980000)
  from space 11776K, 4% used [0x0000000792700000,0x0000000792780000,0x0000000793280000)
  to   space 12800K, 0% used [0x0000000791980000,0x0000000791980000,0x0000000792600000)
 ParOldGen       total 111616K, used 22074K [0x0000000703c00000, 0x000000070a900000, 0x0000000781400000)
  object space 111616K, 19% used [0x0000000703c00000,0x000000070518ea78,0x000000070a900000)
 Metaspace       used 24898K, capacity 25365K, committed 25600K, reserved 1071104K
  class space    used 2933K, capacity 3067K, committed 3072K, reserved 1048576K
Event: 12.766 GC heap after
Heap after GC invocations=22 (full 1):
 PSYoungGen      total 280576K, used 288K [0x0000000781400000, 0x0000000794000000, 0x00000007c0000000)
  eden space 267776K, 0% used [0x0000000781400000,0x0000000781400000,0x0000000791980000)
  from space 12800K, 2% used [0x0000000791980000,0x00000007919c8000,0x0000000792600000)
  to   space 12288K, 0% used [0x0000000793400000,0x0000000793400000,0x0000000794000000)
 ParOldGen       total 111616K, used 22378K [0x0000000703c00000, 0x000000070a900000, 0x0000000781400000)
  object space 111616K, 20% used [0x0000000703c00000,0x00000007051daa78,0x000000070a900000)
 Metaspace       used 24898K, capacity 25365K, committed 25600K, reserved 1071104K
  class space    used 2933K, capacity 3067K, committed 3072K, reserved 1048576K
}
Event: 14.257 GC heap before
{Heap before GC invocations=23 (full 1):
 PSYoungGen      total 280576K, used 268064K [0x0000000781400000, 0x0000000794000000, 0x00000007c0000000)
  eden space 267776K, 100% used [0x0000000781400000,0x0000000791980000,0x0000000791980000)
  from space 12800K, 2% used [0x0000000791980000,0x00000007919c8000,0x0000000792600000)
  to   space 12288K, 0% used [0x0000000793400000,0x0000000793400000,0x0000000794000000)
 ParOldGen       total 111616K, used 22378K [0x0000000703c00000, 0x000000070a900000, 0x0000000781400000)
  object space 111616K, 20% used [0x0000000703c00000,0x00000007051daa78,0x000000070a900000)
 Metaspace       used 24938K, capacity 25371K, committed 25600K, reserved 1071104K
  class space    used 2937K, capacity 3068K, committed 3072K, reserved 1048576K
Event: 14.259 GC heap after
Heap after GC invocations=23 (full 1):
 PSYoungGen      total 288768K, used 256K [0x0000000781400000, 0x0000000793c80000, 0x00000007c0000000)
  eden space 280064K, 0% used [0x0000000781400000,0x0000000781400000,0x0000000792580000)
  from space 8704K, 2% used [0x0000000793400000,0x0000000793440000,0x0000000793c80000)
  to   space 11776K, 0% used [0x0000000792580000,0x0000000792580000,0x0000000793100000)
 ParOldGen       total 111616K, used 22418K [0x0000000703c00000, 0x000000070a900000, 0x0000000781400000)
  object space 111616K, 20% used [0x0000000703c00000,0x00000007051e4a78,0x000000070a900000)
 Metaspace       used 24938K, capacity 25371K, committed 25600K, reserved 1071104K
  class space    used 2937K, capacity 3068K, committed 3072K, reserved 1048576K
}

