# JRE version: OpenJDK Runtime Environment (8.0_382-b05) (build 1.8.0_382-b05)
# Java VM: OpenJDK 64-Bit Server VM (25.382-b05 mixed mode windows-amd64 compressed oops)
Heap:
 PSYoungGen      total 141824K, used 28041K [0x000000076b100000, 0x000000077c600000, 0x00000007c0000000)
  eden space 131072K, 21% used [0x000000076b100000,0x000000076cc62578,0x0000000773100000)
  from space 10752K, 0% used [0x0000000773100000,0x0000000773100000,0x0000000773b80000)
  to   space 10752K, 0% used [0x000000077bb80000,0x000000077bb80000,0x000000077c600000)
 ParOldGen       total 131072K, used 18049K [0x00000006c1200000, 0x00000006c9200000, 0x000000076b100000)
  object space 131072K, 13% used [0x00000006c1200000,0x00000006c23a0488,0x00000006c9200000)
 Metaspace       used 22121K, capacity 22434K, committed 22704K, reserved 1069056K
  class space    used 2776K, capacity 2879K, committed 2944K, reserved 1048576K
GC Heap History (8 events):
Event: 0.464 GC heap before
{Heap before GC invocations=1 (full 0):
 PSYoungGen      total 76288K, used 65536K [0x000000076b100000, 0x0000000770600000, 0x00000007c0000000)
  eden space 65536K, 100% used [0x000000076b100000,0x000000076f100000,0x000000076f100000)
  from space 10752K, 0% used [0x000000076fb80000,0x000000076fb80000,0x0000000770600000)
  to   space 10752K, 0% used [0x000000076f100000,0x000000076f100000,0x000000076fb80000)
 ParOldGen       total 175104K, used 0K [0x00000006c1200000, 0x00000006cbd00000, 0x000000076b100000)
  object space 175104K, 0% used [0x00000006c1200000,0x00000006c1200000,0x00000006cbd00000)
 Metaspace       used 10177K, capacity 10324K, committed 10624K, reserved 1058816K
  class space    used 1213K, capacity 1288K, committed 1408K, reserved 1048576K
Event: 0.469 GC heap after
Heap after GC invocations=1 (full 0):
 PSYoungGen      total 76288K, used 10732K [0x000000076b100000, 0x0000000774600000, 0x00000007c0000000)
  eden space 65536K, 0% used [0x000000076b100000,0x000000076b100000,0x000000076f100000)
  from space 10752K, 99% used [0x000000076f100000,0x000000076fb7b3e0,0x000000076fb80000)
  to   space 10752K, 0% used [0x0000000773b80000,0x0000000773b80000,0x0000000774600000)
 ParOldGen       total 175104K, used 3875K [0x00000006c1200000, 0x00000006cbd00000, 0x000000076b100000)
  object space 175104K, 2% used [0x00000006c1200000,0x00000006c15c8c80,0x00000006cbd00000)
 Metaspace       used 10177K, capacity 10324K, committed 10624K, reserved 1058816K
  class space    used 1213K, capacity 1288K, committed 1408K, reserved 1048576K
}
Event: 0.881 GC heap before
{Heap before GC invocations=2 (full 0):
 PSYoungGen      total 76288K, used 76268K [0x000000076b100000, 0x0000000774600000, 0x00000007c0000000)
  eden space 65536K, 100% used [0x000000076b100000,0x000000076f100000,0x000000076f100000)
  from space 10752K, 99% used [0x000000076f100000,0x000000076fb7b3e0,0x000000076fb80000)
  to   space 10752K, 0% used [0x0000000773b80000,0x0000000773b80000,0x0000000774600000)
 ParOldGen       total 175104K, used 3875K [0x00000006c1200000, 0x00000006cbd00000, 0x000000076b100000)
  object space 175104K, 2% used [0x00000006c1200000,0x00000006c15c8c80,0x00000006cbd00000)
 Metaspace       used 17529K, capacity 17686K, committed 18048K, reserved 1064960K
  class space    used 2242K, capacity 2323K, committed 2432K, reserved 1048576K
Event: 0.888 GC heap after
Heap after GC invocations=2 (full 0):
 PSYoungGen      total 141824K, used 10725K [0x000000076b100000, 0x0000000774600000, 0x00000007c0000000)
  eden space 131072K, 0% used [0x000000076b100000,0x000000076b100000,0x0000000773100000)
  from space 10752K, 99% used [0x0000000773b80000,0x00000007745f9658,0x0000000774600000)
  to   space 10752K, 0% used [0x0000000773100000,0x0000000773100000,0x0000000773b80000)
 ParOldGen       total 175104K, used 11938K [0x00000006c1200000, 0x00000006cbd00000, 0x000000076b100000)
  object space 175104K, 6% used [0x00000006c1200000,0x00000006c1da8ad8,0x00000006cbd00000)
 Metaspace       used 17529K, capacity 17686K, committed 18048K, reserved 1064960K
  class space    used 2242K, capacity 2323K, committed 2432K, reserved 1048576K
}
Event: 1.256 GC heap before
{Heap before GC invocations=3 (full 0):
 PSYoungGen      total 141824K, used 55610K [0x000000076b100000, 0x0000000774600000, 0x00000007c0000000)
  eden space 131072K, 34% used [0x000000076b100000,0x000000076dcd54c0,0x0000000773100000)
  from space 10752K, 99% used [0x0000000773b80000,0x00000007745f9658,0x0000000774600000)
  to   space 10752K, 0% used [0x0000000773100000,0x0000000773100000,0x0000000773b80000)
 ParOldGen       total 175104K, used 11938K [0x00000006c1200000, 0x00000006cbd00000, 0x000000076b100000)
  object space 175104K, 6% used [0x00000006c1200000,0x00000006c1da8ad8,0x00000006cbd00000)
 Metaspace       used 20878K, capacity 21182K, committed 21296K, reserved 1069056K
  class space    used 2655K, capacity 2745K, committed 2816K, reserved 1048576K
Event: 1.262 GC heap after
Heap after GC invocations=3 (full 0):
 PSYoungGen      total 141824K, used 10741K [0x000000076b100000, 0x000000077c600000, 0x00000007c0000000)
  eden space 131072K, 0% used [0x000000076b100000,0x000000076b100000,0x0000000773100000)
  from space 10752K, 99% used [0x0000000773100000,0x0000000773b7d688,0x0000000773b80000)
  to   space 10752K, 0% used [0x000000077bb80000,0x000000077bb80000,0x000000077c600000)
 ParOldGen       total 175104K, used 17999K [0x00000006c1200000, 0x00000006cbd00000, 0x000000076b100000)
  object space 175104K, 10% used [0x00000006c1200000,0x00000006c2393de0,0x00000006cbd00000)
 Metaspace       used 20878K, capacity 21182K, committed 21296K, reserved 1069056K
  class space    used 2655K, capacity 2745K, committed 2816K, reserved 1048576K
}
Event: 1.262 GC heap before
{Heap before GC invocations=4 (full 1):
 PSYoungGen      total 141824K, used 10741K [0x000000076b100000, 0x000000077c600000, 0x00000007c0000000)
  eden space 131072K, 0% used [0x000000076b100000,0x000000076b100000,0x0000000773100000)
  from space 10752K, 99% used [0x0000000773100000,0x0000000773b7d688,0x0000000773b80000)
  to   space 10752K, 0% used [0x000000077bb80000,0x000000077bb80000,0x000000077c600000)
 ParOldGen       total 175104K, used 17999K [0x00000006c1200000, 0x00000006cbd00000, 0x000000076b100000)
  object space 175104K, 10% used [0x00000006c1200000,0x00000006c2393de0,0x00000006cbd00000)
 Metaspace       used 20878K, capacity 21182K, committed 21296K, reserved 1069056K
  class space    used 2655K, capacity 2745K, committed 2816K, reserved 1048576K
Event: 1.289 GC heap after
Heap after GC invocations=4 (full 1):
 PSYoungGen      total 141824K, used 0K [0x000000076b100000, 0x000000077c600000, 0x00000007c0000000)
  eden space 131072K, 0% used [0x000000076b100000,0x000000076b100000,0x0000000773100000)
  from space 10752K, 0% used [0x0000000773100000,0x0000000773100000,0x0000000773b80000)
  to   space 10752K, 0% used [0x000000077bb80000,0x000000077bb80000,0x000000077c600000)
 ParOldGen       total 131072K, used 18049K [0x00000006c1200000, 0x00000006c9200000, 0x000000076b100000)
  object space 131072K, 13% used [0x00000006c1200000,0x00000006c23a0488,0x00000006c9200000)
 Metaspace       used 20878K, capacity 21182K, committed 21296K, reserved 1069056K
  class space    used 2655K, capacity 2745K, committed 2816K, reserved 1048576K
}

