# JRE version: OpenJDK Runtime Environment (8.0_402-b06) (build 1.8.0_402-b06)
# Java VM: OpenJDK 64-Bit Server VM (25.402-b06 mixed mode windows-amd64 compressed oops)
Heap:
 PSYoungGen      total 300544K, used 22014K [0x0000000781400000, 0x0000000794880000, 0x00000007c0000000)
  eden space 292352K, 7% used [0x0000000781400000,0x000000078292f850,0x0000000793180000)
  from space 8192K, 3% used [0x0000000794080000,0x00000007940d0000,0x0000000794880000)
  to   space 11776K, 0% used [0x0000000793180000,0x0000000793180000,0x0000000793d00000)
 ParOldGen       total 112128K, used 22502K [0x0000000703c00000, 0x000000070a980000, 0x0000000781400000)
  object space 112128K, 20% used [0x0000000703c00000,0x00000007051f9ac8,0x000000070a980000)
 Metaspace       used 24974K, capacity 25433K, committed 25600K, reserved 1071104K
  class space    used 2945K, capacity 3069K, committed 3072K, reserved 1048576K
GC Heap History (10 events):
Event: 10.059 GC heap before
{Heap before GC invocations=19 (full 1):
 PSYoungGen      total 262656K, used 248142K [0x0000000781400000, 0x0000000793280000, 0x00000007c0000000)
  eden space 246784K, 100% used [0x0000000781400000,0x0000000790500000,0x0000000790500000)
  from space 15872K, 8% used [0x0000000790500000,0x0000000790653890,0x0000000791480000)
  to   space 14848K, 0% used [0x0000000792400000,0x0000000792400000,0x0000000793280000)
 ParOldGen       total 112128K, used 21326K [0x0000000703c00000, 0x000000070a980000, 0x0000000781400000)
  object space 112128K, 19% used [0x0000000703c00000,0x00000007050d3bc0,0x000000070a980000)
 Metaspace       used 24871K, capacity 25351K, committed 25600K, reserved 1071104K
  class space    used 2934K, capacity 3066K, committed 3072K, reserved 1048576K
Event: 10.060 GC heap after
Heap after GC invocations=19 (full 1):
 PSYoungGen      total 276480K, used 1326K [0x0000000781400000, 0x0000000793100000, 0x00000007c0000000)
  eden space 263168K, 0% used [0x0000000781400000,0x0000000781400000,0x0000000791500000)
  from space 13312K, 9% used [0x0000000792400000,0x000000079254b890,0x0000000793100000)
  to   space 14336K, 0% used [0x0000000791500000,0x0000000791500000,0x0000000792300000)
 ParOldGen       total 112128K, used 21334K [0x0000000703c00000, 0x000000070a980000, 0x0000000781400000)
  object space 112128K, 19% used [0x0000000703c00000,0x00000007050d5bc0,0x000000070a980000)
 Metaspace       used 24871K, capacity 25351K, committed 25600K, reserved 1071104K
  class space    used 2934K, capacity 3066K, committed 3072K, reserved 1048576K
}
Event: 10.488 GC heap before
{Heap before GC invocations=20 (full 1):
 PSYoungGen      total 276480K, used 264494K [0x0000000781400000, 0x0000000793100000, 0x00000007c0000000)
  eden space 263168K, 100% used [0x0000000781400000,0x0000000791500000,0x0000000791500000)
  from space 13312K, 9% used [0x0000000792400000,0x000000079254b890,0x0000000793100000)
  to   space 14336K, 0% used [0x0000000791500000,0x0000000791500000,0x0000000792300000)
 ParOldGen       total 112128K, used 21334K [0x0000000703c00000, 0x000000070a980000, 0x0000000781400000)
  object space 112128K, 19% used [0x0000000703c00000,0x00000007050d5bc0,0x000000070a980000)
 Metaspace       used 24873K, capacity 25351K, committed 25600K, reserved 1071104K
  class space    used 2934K, capacity 3066K, committed 3072K, reserved 1048576K
Event: 10.490 GC heap after
Heap after GC invocations=20 (full 1):
 PSYoungGen      total 277504K, used 1358K [0x0000000781400000, 0x0000000793f00000, 0x00000007c0000000)
  eden space 263168K, 0% used [0x0000000781400000,0x0000000781400000,0x0000000791500000)
  from space 14336K, 9% used [0x0000000791500000,0x0000000791653890,0x0000000792300000)
  to   space 13312K, 0% used [0x0000000793200000,0x0000000793200000,0x0000000793f00000)
 ParOldGen       total 112128K, used 21334K [0x0000000703c00000, 0x000000070a980000, 0x0000000781400000)
  object space 112128K, 19% used [0x0000000703c00000,0x00000007050d5bc0,0x000000070a980000)
 Metaspace       used 24873K, capacity 25351K, committed 25600K, reserved 1071104K
  class space    used 2934K, capacity 3066K, committed 3072K, reserved 1048576K
}
Event: 10.916 GC heap before
{Heap before GC invocations=21 (full 1):
 PSYoungGen      total 277504K, used 264526K [0x0000000781400000, 0x0000000793f00000, 0x00000007c0000000)
  eden space 263168K, 100% used [0x0000000781400000,0x0000000791500000,0x0000000791500000)
  from space 14336K, 9% used [0x0000000791500000,0x0000000791653890,0x0000000792300000)
  to   space 13312K, 0% used [0x0000000793200000,0x0000000793200000,0x0000000793f00000)
 ParOldGen       total 112128K, used 21334K [0x0000000703c00000, 0x000000070a980000, 0x0000000781400000)
  object space 112128K, 19% used [0x0000000703c00000,0x00000007050d5bc0,0x000000070a980000)
 Metaspace       used 24878K, capacity 25357K, committed 25600K, reserved 1071104K
  class space    used 2934K, capacity 3067K, committed 3072K, reserved 1048576K
Event: 10.918 GC heap after
Heap after GC invocations=21 (full 1):
 PSYoungGen      total 291840K, used 512K [0x0000000781400000, 0x0000000793e00000, 0x00000007c0000000)
  eden space 279552K, 0% used [0x0000000781400000,0x0000000781400000,0x0000000792500000)
  from space 12288K, 4% used [0x0000000793200000,0x0000000793280000,0x0000000793e00000)
  to   space 12800K, 0% used [0x0000000792500000,0x0000000792500000,0x0000000793180000)
 ParOldGen       total 112128K, used 22158K [0x0000000703c00000, 0x000000070a980000, 0x0000000781400000)
  object space 112128K, 19% used [0x0000000703c00000,0x00000007051a3ac8,0x000000070a980000)
 Metaspace       used 24878K, capacity 25357K, committed 25600K, reserved 1071104K
  class space    used 2934K, capacity 3067K, committed 3072K, reserved 1048576K
}
Event: 11.364 GC heap before
{Heap before GC invocations=22 (full 1):
 PSYoungGen      total 291840K, used 280064K [0x0000000781400000, 0x0000000793e00000, 0x00000007c0000000)
  eden space 279552K, 100% used [0x0000000781400000,0x0000000792500000,0x0000000792500000)
  from space 12288K, 4% used [0x0000000793200000,0x0000000793280000,0x0000000793e00000)
  to   space 12800K, 0% used [0x0000000792500000,0x0000000792500000,0x0000000793180000)
 ParOldGen       total 112128K, used 22158K [0x0000000703c00000, 0x000000070a980000, 0x0000000781400000)
  object space 112128K, 19% used [0x0000000703c00000,0x00000007051a3ac8,0x000000070a980000)
 Metaspace       used 24889K, capacity 25357K, committed 25600K, reserved 1071104K
  class space    used 2934K, capacity 3067K, committed 3072K, reserved 1048576K
Event: 11.365 GC heap after
Heap after GC invocations=22 (full 1):
 PSYoungGen      total 292352K, used 256K [0x0000000781400000, 0x0000000794c80000, 0x00000007c0000000)
  eden space 279552K, 0% used [0x0000000781400000,0x0000000781400000,0x0000000792500000)
  from space 12800K, 2% used [0x0000000792500000,0x0000000792540000,0x0000000793180000)
  to   space 12288K, 0% used [0x0000000794080000,0x0000000794080000,0x0000000794c80000)
 ParOldGen       total 112128K, used 22462K [0x0000000703c00000, 0x000000070a980000, 0x0000000781400000)
  object space 112128K, 20% used [0x0000000703c00000,0x00000007051efac8,0x000000070a980000)
 Metaspace       used 24889K, capacity 25357K, committed 25600K, reserved 1071104K
  class space    used 2934K, capacity 3067K, committed 3072K, reserved 1048576K
}
Event: 12.956 GC heap before
{Heap before GC invocations=23 (full 1):
 PSYoungGen      total 292352K, used 279808K [0x0000000781400000, 0x0000000794c80000, 0x00000007c0000000)
  eden space 279552K, 100% used [0x0000000781400000,0x0000000792500000,0x0000000792500000)
  from space 12800K, 2% used [0x0000000792500000,0x0000000792540000,0x0000000793180000)
  to   space 12288K, 0% used [0x0000000794080000,0x0000000794080000,0x0000000794c80000)
 ParOldGen       total 112128K, used 22462K [0x0000000703c00000, 0x000000070a980000, 0x0000000781400000)
  object space 112128K, 20% used [0x0000000703c00000,0x00000007051efac8,0x000000070a980000)
 Metaspace       used 24926K, capacity 25369K, committed 25600K, reserved 1071104K
  class space    used 2939K, capacity 3069K, committed 3072K, reserved 1048576K
Event: 12.957 GC heap after
Heap after GC invocations=23 (full 1):
 PSYoungGen      total 300544K, used 320K [0x0000000781400000, 0x0000000794880000, 0x00000007c0000000)
  eden space 292352K, 0% used [0x0000000781400000,0x0000000781400000,0x0000000793180000)
  from space 8192K, 3% used [0x0000000794080000,0x00000007940d0000,0x0000000794880000)
  to   space 11776K, 0% used [0x0000000793180000,0x0000000793180000,0x0000000793d00000)
 ParOldGen       total 112128K, used 22502K [0x0000000703c00000, 0x000000070a980000, 0x0000000781400000)
  object space 112128K, 20% used [0x0000000703c00000,0x00000007051f9ac8,0x000000070a980000)
 Metaspace       used 24926K, capacity 25369K, committed 25600K, reserved 1071104K
  class space    used 2939K, capacity 3069K, committed 3072K, reserved 1048576K
}

